2024-04-16T21:39:12.321+0800	INFO	mysql@v1.2.19/boot.go:378	Bootstrap MySqlEntry	{"eventId": "df79a02a-13b5-4d65-a507-963d7b96e3b5", "entryName": "user-db", "entryType": "MySqlEntry"}
2024-04-16T21:39:12.340+0800	INFO	mysql@v1.2.19/boot.go:522	Connecting to database [rk-boot]
2024-04-16T21:39:12.360+0800	INFO	mysql@v1.2.19/boot.go:540	Connecting to database [rk-boot] success
2024-04-16T21:43:52.730+0800	INFO	mysql@v1.2.19/boot.go:378	Bootstrap MySqlEntry	{"eventId": "2b206021-2dce-46e1-8403-fff9204478ee", "entryName": "user-db", "entryType": "MySqlEntry"}
2024-04-16T21:43:52.747+0800	INFO	mysql@v1.2.19/boot.go:522	Connecting to database [rk-boot]
2024-04-16T21:43:52.773+0800	INFO	mysql@v1.2.19/boot.go:540	Connecting to database [rk-boot] success
2024-04-16T21:43:52.791+0800	INFO	mysql@v1.4.3/migrator.go:255	[2.487ms] [rows:-] SELECT DATABASE()
2024-04-16T21:43:52.950+0800	INFO	mysql@v1.4.3/migrator.go:258	[158.799ms] [rows:1] SELECT SCHEMA_NAME from Information_schema.SCHEMATA where SCHEMA_NAME LIKE 'rk-boot%' ORDER BY SCHEMA_NAME='rk-boot' DESC,SCHEMA_NAME limit 1
2024-04-16T21:43:52.960+0800	INFO	rk-boot/main.go:67	[10.536ms] [rows:-] SELECT count(*) FROM information_schema.tables WHERE table_schema = 'rk-boot' AND table_name = 'users' AND table_type = 'BASE TABLE'
2024-04-16T21:43:53.180+0800	INFO	rk-boot/main.go:67	[219.490ms] [rows:0] CREATE TABLE `users` (`created_at` datetime(3) NULL,`updated_at` datetime(3) NULL,`deleted_at` datetime(3) NULL,`id` bigint AUTO_INCREMENT,`name` longtext,PRIMARY KEY (`id`),INDEX `idx_users_deleted_a...
2024-04-16T21:57:32.146+0800	INFO	mysql@v1.2.19/boot.go:404	Interrupt MySqlEntry	{"eventId": "2b206021-2dce-46e1-8403-fff9204478ee", "entryName": "user-db", "entryType": "MySqlEntry"}
2024-04-17T09:14:03.766+0800	INFO	mysql@v1.2.19/boot.go:378	Bootstrap MySqlEntry	{"eventId": "d4a9fe8b-a2c1-4947-ba7a-33931524a2a7", "entryName": "user-db", "entryType": "MySqlEntry"}
2024-04-17T09:14:03.767+0800	INFO	mysql@v1.2.19/boot.go:522	Connecting to database [rk-boot]
2024-04-17T09:14:03.779+0800	INFO	mysql@v1.2.19/boot.go:540	Connecting to database [rk-boot] success
2024-04-17T09:14:03.792+0800	INFO	mysql@v1.4.3/migrator.go:255	[6.840ms] [rows:-] SELECT DATABASE()
2024-04-17T09:14:03.946+0800	INFO	mysql@v1.4.3/migrator.go:258	[154.083ms] [rows:1] SELECT SCHEMA_NAME from Information_schema.SCHEMATA where SCHEMA_NAME LIKE 'rk-boot%' ORDER BY SCHEMA_NAME='rk-boot' DESC,SCHEMA_NAME limit 1
2024-04-17T09:14:03.967+0800	INFO	rk-boot/main.go:66	[20.451ms] [rows:-] SELECT count(*) FROM information_schema.tables WHERE table_schema = 'rk-boot' AND table_name = 'users' AND table_type = 'BASE TABLE'
2024-04-17T09:14:04.137+0800	INFO	rk-boot/main.go:66	[170.058ms] [rows:0] CREATE TABLE `users` (`created_at` datetime(3) NULL,`updated_at` datetime(3) NULL,`deleted_at` datetime(3) NULL,`id` bigint AUTO_INCREMENT,`name` longtext,PRIMARY KEY (`id`),INDEX `idx_users_deleted_a...
2024-04-17T09:20:17.772+0800	INFO	mysql@v1.2.19/boot.go:404	Interrupt MySqlEntry	{"eventId": "d4a9fe8b-a2c1-4947-ba7a-33931524a2a7", "entryName": "user-db", "entryType": "MySqlEntry"}
2024-04-17T11:10:50.680+0800	INFO	mysql@v1.2.19/boot.go:378	Bootstrap MySqlEntry	{"eventId": "c9662280-3f83-4306-b81d-d3878dba6806", "entryName": "user-db", "entryType": "MySqlEntry"}
2024-04-17T11:10:50.681+0800	INFO	mysql@v1.2.19/boot.go:522	Connecting to database [rk-boot]
2024-04-17T11:10:50.778+0800	INFO	mysql@v1.2.19/boot.go:540	Connecting to database [rk-boot] success
2024-04-17T11:10:50.797+0800	INFO	mysql@v1.4.3/migrator.go:255	[4.924ms] [rows:-] SELECT DATABASE()
2024-04-17T11:10:50.882+0800	INFO	mysql@v1.4.3/migrator.go:258	[84.752ms] [rows:1] SELECT SCHEMA_NAME from Information_schema.SCHEMATA where SCHEMA_NAME LIKE 'rk-boot%' ORDER BY SCHEMA_NAME='rk-boot' DESC,SCHEMA_NAME limit 1
2024-04-17T11:10:50.922+0800	INFO	rk-boot/main.go:65	[39.281ms] [rows:-] SELECT count(*) FROM information_schema.tables WHERE table_schema = 'rk-boot' AND table_name = 'users' AND table_type = 'BASE TABLE'
2024-04-17T11:10:50.923+0800	INFO	mysql@v1.4.3/migrator.go:255	[1.692ms] [rows:-] SELECT DATABASE()
2024-04-17T11:10:50.930+0800	INFO	mysql@v1.4.3/migrator.go:258	[6.659ms] [rows:1] SELECT SCHEMA_NAME from Information_schema.SCHEMATA where SCHEMA_NAME LIKE 'rk-boot%' ORDER BY SCHEMA_NAME='rk-boot' DESC,SCHEMA_NAME limit 1
2024-04-17T11:10:50.950+0800	INFO	mysql@v1.4.3/migrator.go:168	[19.909ms] [rows:-] SELECT * FROM `users` LIMIT 1
2024-04-17T11:10:50.964+0800	INFO	mysql@v1.4.3/migrator.go:186	[13.440ms] [rows:-] SELECT column_name, column_default, is_nullable = 'YES', data_type, character_maximum_length, column_type, column_key, extra, column_comment, numeric_precision, numeric_scale , datetime_precision FROM...
2024-04-17T11:10:50.966+0800	INFO	mysql@v1.4.3/migrator.go:255	[2.052ms] [rows:-] SELECT DATABASE()
2024-04-17T11:10:50.971+0800	INFO	mysql@v1.4.3/migrator.go:258	[4.546ms] [rows:1] SELECT SCHEMA_NAME from Information_schema.SCHEMATA where SCHEMA_NAME LIKE 'rk-boot%' ORDER BY SCHEMA_NAME='rk-boot' DESC,SCHEMA_NAME limit 1
2024-04-17T11:10:50.976+0800	INFO	rk-boot/main.go:65	[4.439ms] [rows:-] SELECT count(*) FROM information_schema.statistics WHERE table_schema = 'rk-boot' AND table_name = 'users' AND index_name = 'idx_users_deleted_at'
2024-04-23T18:11:38.971+0800	INFO	mysql@v1.2.19/boot.go:378	Bootstrap MySqlEntry	{"eventId": "6140233d-6390-46d0-ba85-77352acd77e8", "entryName": "user-db", "entryType": "MySqlEntry"}
2024-04-23T18:11:38.972+0800	INFO	mysql@v1.2.19/boot.go:522	Connecting to database [rk-boot]
2024-04-23T18:11:38.976+0800	ERROR	mysql@v1.2.19/boot.go:526	failed to initialize database, got error dial tcp [::1]:13306: connect: connection refused
2024-04-23T18:11:38.976+0800	ERROR	mysql@v1.2.19/boot.go:383	Failed to connect to database	{"eventId": "6140233d-6390-46d0-ba85-77352acd77e8", "entryName": "user-db", "entryType": "MySqlEntry", "error": "dial tcp [::1]:13306: connect: connection refused"}
2024-04-24T11:00:18.938+0800	INFO	mysql@v1.2.19/boot.go:378	Bootstrap MySqlEntry	{"eventId": "0c3d55ca-ee26-484a-a7a1-1476ab468d94", "entryName": "user-db", "entryType": "MySqlEntry"}
2024-04-24T11:00:18.939+0800	INFO	mysql@v1.2.19/boot.go:522	Connecting to database [rk-boot]
2024-04-24T11:00:19.032+0800	INFO	mysql@v1.2.19/boot.go:540	Connecting to database [rk-boot] success
2024-04-24T11:00:19.042+0800	INFO	mysql@v1.4.3/migrator.go:255	[8.589ms] [rows:-] SELECT DATABASE()
2024-04-24T11:00:19.120+0800	INFO	mysql@v1.4.3/migrator.go:258	[78.266ms] [rows:1] SELECT SCHEMA_NAME from Information_schema.SCHEMATA where SCHEMA_NAME LIKE 'rk-boot%' ORDER BY SCHEMA_NAME='rk-boot' DESC,SCHEMA_NAME limit 1
2024-04-24T11:00:19.137+0800	INFO	rk-boot-worden/main.go:65	[16.393ms] [rows:-] SELECT count(*) FROM information_schema.tables WHERE table_schema = 'rk-boot' AND table_name = 'users' AND table_type = 'BASE TABLE'
2024-04-24T11:00:19.140+0800	INFO	mysql@v1.4.3/migrator.go:255	[2.649ms] [rows:-] SELECT DATABASE()
2024-04-24T11:00:19.145+0800	INFO	mysql@v1.4.3/migrator.go:258	[5.414ms] [rows:1] SELECT SCHEMA_NAME from Information_schema.SCHEMATA where SCHEMA_NAME LIKE 'rk-boot%' ORDER BY SCHEMA_NAME='rk-boot' DESC,SCHEMA_NAME limit 1
2024-04-24T11:00:19.170+0800	INFO	mysql@v1.4.3/migrator.go:168	[24.483ms] [rows:-] SELECT * FROM `users` LIMIT 1
2024-04-24T11:00:19.181+0800	INFO	mysql@v1.4.3/migrator.go:186	[11.426ms] [rows:-] SELECT column_name, column_default, is_nullable = 'YES', data_type, character_maximum_length, column_type, column_key, extra, column_comment, numeric_precision, numeric_scale , datetime_precision FROM...
2024-04-24T11:00:19.183+0800	INFO	mysql@v1.4.3/migrator.go:255	[1.453ms] [rows:-] SELECT DATABASE()
2024-04-24T11:00:19.187+0800	INFO	mysql@v1.4.3/migrator.go:258	[3.476ms] [rows:1] SELECT SCHEMA_NAME from Information_schema.SCHEMATA where SCHEMA_NAME LIKE 'rk-boot%' ORDER BY SCHEMA_NAME='rk-boot' DESC,SCHEMA_NAME limit 1
2024-04-24T11:00:19.191+0800	INFO	rk-boot-worden/main.go:65	[3.936ms] [rows:-] SELECT count(*) FROM information_schema.statistics WHERE table_schema = 'rk-boot' AND table_name = 'users' AND index_name = 'idx_users_deleted_at'
2024-04-24T11:17:36.274+0800	INFO	mysql@v1.2.19/boot.go:404	Interrupt MySqlEntry	{"eventId": "0c3d55ca-ee26-484a-a7a1-1476ab468d94", "entryName": "user-db", "entryType": "MySqlEntry"}
2024-04-24T11:19:40.836+0800	INFO	mysql@v1.2.19/boot.go:378	Bootstrap MySqlEntry	{"eventId": "3e915ad1-d5e1-440a-a926-832755e050f7", "entryName": "user-db", "entryType": "MySqlEntry"}
2024-04-24T11:19:40.836+0800	INFO	mysql@v1.2.19/boot.go:522	Connecting to database [rk-boot]
2024-04-24T11:19:40.892+0800	INFO	mysql@v1.2.19/boot.go:540	Connecting to database [rk-boot] success
2024-04-24T11:21:01.927+0800	INFO	mysql@v1.2.19/boot.go:378	Bootstrap MySqlEntry	{"eventId": "6f45abd2-d6e5-4fe8-9a28-6df9887c7205", "entryName": "user-db", "entryType": "MySqlEntry"}
2024-04-24T11:21:01.929+0800	INFO	mysql@v1.2.19/boot.go:522	Connecting to database [rk-boot]
2024-04-24T11:21:01.952+0800	INFO	mysql@v1.2.19/boot.go:540	Connecting to database [rk-boot] success
2024-04-24T11:21:01.965+0800	INFO	mysql@v1.4.3/migrator.go:255	[6.951ms] [rows:-] SELECT DATABASE()
2024-04-24T11:21:02.049+0800	INFO	mysql@v1.4.3/migrator.go:258	[83.953ms] [rows:1] SELECT SCHEMA_NAME from Information_schema.SCHEMATA where SCHEMA_NAME LIKE 'rk-boot%' ORDER BY SCHEMA_NAME='rk-boot' DESC,SCHEMA_NAME limit 1
2024-04-24T11:21:02.056+0800	INFO	rk-boot-worden/main.go:66	[7.019ms] [rows:-] SELECT count(*) FROM information_schema.tables WHERE table_schema = 'rk-boot' AND table_name = 'users' AND table_type = 'BASE TABLE'
2024-04-24T11:21:02.057+0800	INFO	mysql@v1.4.3/migrator.go:255	[1.114ms] [rows:-] SELECT DATABASE()
2024-04-24T11:21:02.068+0800	INFO	mysql@v1.4.3/migrator.go:258	[11.251ms] [rows:1] SELECT SCHEMA_NAME from Information_schema.SCHEMATA where SCHEMA_NAME LIKE 'rk-boot%' ORDER BY SCHEMA_NAME='rk-boot' DESC,SCHEMA_NAME limit 1
2024-04-24T11:21:02.090+0800	INFO	mysql@v1.4.3/migrator.go:168	[21.394ms] [rows:-] SELECT * FROM `users` LIMIT 1
2024-04-24T11:21:02.108+0800	INFO	mysql@v1.4.3/migrator.go:186	[18.476ms] [rows:-] SELECT column_name, column_default, is_nullable = 'YES', data_type, character_maximum_length, column_type, column_key, extra, column_comment, numeric_precision, numeric_scale , datetime_precision FROM...
2024-04-24T11:21:02.114+0800	INFO	mysql@v1.4.3/migrator.go:255	[5.523ms] [rows:-] SELECT DATABASE()
2024-04-24T11:21:02.118+0800	INFO	mysql@v1.4.3/migrator.go:258	[3.452ms] [rows:1] SELECT SCHEMA_NAME from Information_schema.SCHEMATA where SCHEMA_NAME LIKE 'rk-boot%' ORDER BY SCHEMA_NAME='rk-boot' DESC,SCHEMA_NAME limit 1
2024-04-24T11:21:02.122+0800	INFO	rk-boot-worden/main.go:66	[4.310ms] [rows:-] SELECT count(*) FROM information_schema.statistics WHERE table_schema = 'rk-boot' AND table_name = 'users' AND index_name = 'idx_users_deleted_at'
2024-04-24T13:37:25.566+0800	INFO	mysql@v1.2.19/boot.go:404	Interrupt MySqlEntry	{"eventId": "6f45abd2-d6e5-4fe8-9a28-6df9887c7205", "entryName": "user-db", "entryType": "MySqlEntry"}
2024-04-24T13:54:30.588+0800	INFO	mysql@v1.2.19/boot.go:378	Bootstrap MySqlEntry	{"eventId": "850590bb-f572-42d2-b532-d1e4cebd04f0", "entryName": "user-db", "entryType": "MySqlEntry"}
2024-04-24T13:54:30.589+0800	INFO	mysql@v1.2.19/boot.go:522	Connecting to database [rk-boot]
2024-04-24T13:54:30.786+0800	INFO	mysql@v1.2.19/boot.go:540	Connecting to database [rk-boot] success
2024-04-24T13:56:51.246+0800	INFO	mysql@v1.2.19/boot.go:378	Bootstrap MySqlEntry	{"eventId": "190c83fd-a1f1-47b8-b33c-d8e9d840fb5a", "entryName": "user-db", "entryType": "MySqlEntry"}
2024-04-24T13:56:51.247+0800	INFO	mysql@v1.2.19/boot.go:522	Connecting to database [rk-boot]
2024-04-24T13:56:51.289+0800	INFO	mysql@v1.2.19/boot.go:540	Connecting to database [rk-boot] success
2024-04-24T13:56:51.300+0800	INFO	mysql@v1.4.3/migrator.go:255	[9.970ms] [rows:-] SELECT DATABASE()
2024-04-24T13:56:51.435+0800	INFO	mysql@v1.4.3/migrator.go:258	[134.592ms] [rows:1] SELECT SCHEMA_NAME from Information_schema.SCHEMATA where SCHEMA_NAME LIKE 'rk-boot%' ORDER BY SCHEMA_NAME='rk-boot' DESC,SCHEMA_NAME limit 1
2024-04-24T13:56:51.455+0800	INFO	rk-boot-worden/main.go:66	[20.037ms] [rows:-] SELECT count(*) FROM information_schema.tables WHERE table_schema = 'rk-boot' AND table_name = 'users' AND table_type = 'BASE TABLE'
2024-04-24T13:56:51.456+0800	INFO	mysql@v1.4.3/migrator.go:255	[1.093ms] [rows:-] SELECT DATABASE()
2024-04-24T13:56:51.460+0800	INFO	mysql@v1.4.3/migrator.go:258	[3.810ms] [rows:1] SELECT SCHEMA_NAME from Information_schema.SCHEMATA where SCHEMA_NAME LIKE 'rk-boot%' ORDER BY SCHEMA_NAME='rk-boot' DESC,SCHEMA_NAME limit 1
2024-04-24T13:56:51.488+0800	INFO	mysql@v1.4.3/migrator.go:168	[27.499ms] [rows:-] SELECT * FROM `users` LIMIT 1
2024-04-24T13:56:51.500+0800	INFO	mysql@v1.4.3/migrator.go:186	[11.679ms] [rows:-] SELECT column_name, column_default, is_nullable = 'YES', data_type, character_maximum_length, column_type, column_key, extra, column_comment, numeric_precision, numeric_scale , datetime_precision FROM...
2024-04-24T13:56:51.501+0800	INFO	mysql@v1.4.3/migrator.go:255	[1.242ms] [rows:-] SELECT DATABASE()
2024-04-24T13:56:51.504+0800	INFO	mysql@v1.4.3/migrator.go:258	[2.659ms] [rows:1] SELECT SCHEMA_NAME from Information_schema.SCHEMATA where SCHEMA_NAME LIKE 'rk-boot%' ORDER BY SCHEMA_NAME='rk-boot' DESC,SCHEMA_NAME limit 1
2024-04-24T13:56:51.507+0800	INFO	rk-boot-worden/main.go:66	[3.645ms] [rows:-] SELECT count(*) FROM information_schema.statistics WHERE table_schema = 'rk-boot' AND table_name = 'users' AND index_name = 'idx_users_deleted_at'
2024-04-24T14:09:43.388+0800	INFO	mysql@v1.2.19/boot.go:404	Interrupt MySqlEntry	{"eventId": "190c83fd-a1f1-47b8-b33c-d8e9d840fb5a", "entryName": "user-db", "entryType": "MySqlEntry"}
2024-04-24T14:09:57.229+0800	INFO	mysql@v1.2.19/boot.go:378	Bootstrap MySqlEntry	{"eventId": "5d66bb8d-8f1c-4b32-b6ea-623c4c12476e", "entryName": "user-db", "entryType": "MySqlEntry"}
2024-04-24T14:09:57.229+0800	INFO	mysql@v1.2.19/boot.go:522	Connecting to database [rk-boot]
2024-04-24T14:09:57.250+0800	INFO	mysql@v1.2.19/boot.go:540	Connecting to database [rk-boot] success
2024-04-24T14:09:57.257+0800	INFO	mysql@v1.4.3/migrator.go:255	[1.611ms] [rows:-] SELECT DATABASE()
2024-04-24T14:09:57.275+0800	INFO	mysql@v1.4.3/migrator.go:258	[18.866ms] [rows:1] SELECT SCHEMA_NAME from Information_schema.SCHEMATA where SCHEMA_NAME LIKE 'rk-boot%' ORDER BY SCHEMA_NAME='rk-boot' DESC,SCHEMA_NAME limit 1
2024-04-24T14:09:57.280+0800	INFO	rk-boot-worden/main.go:69	[4.387ms] [rows:-] SELECT count(*) FROM information_schema.tables WHERE table_schema = 'rk-boot' AND table_name = 'users' AND table_type = 'BASE TABLE'
2024-04-24T14:09:57.282+0800	INFO	mysql@v1.4.3/migrator.go:255	[1.740ms] [rows:-] SELECT DATABASE()
2024-04-24T14:09:57.287+0800	INFO	mysql@v1.4.3/migrator.go:258	[5.292ms] [rows:1] SELECT SCHEMA_NAME from Information_schema.SCHEMATA where SCHEMA_NAME LIKE 'rk-boot%' ORDER BY SCHEMA_NAME='rk-boot' DESC,SCHEMA_NAME limit 1
2024-04-24T14:09:57.297+0800	INFO	mysql@v1.4.3/migrator.go:168	[9.330ms] [rows:-] SELECT * FROM `users` LIMIT 1
2024-04-24T14:09:57.311+0800	INFO	mysql@v1.4.3/migrator.go:186	[13.845ms] [rows:-] SELECT column_name, column_default, is_nullable = 'YES', data_type, character_maximum_length, column_type, column_key, extra, column_comment, numeric_precision, numeric_scale , datetime_precision FROM...
2024-04-24T14:09:57.314+0800	INFO	mysql@v1.4.3/migrator.go:255	[2.236ms] [rows:-] SELECT DATABASE()
2024-04-24T14:09:57.321+0800	INFO	mysql@v1.4.3/migrator.go:258	[7.005ms] [rows:1] SELECT SCHEMA_NAME from Information_schema.SCHEMATA where SCHEMA_NAME LIKE 'rk-boot%' ORDER BY SCHEMA_NAME='rk-boot' DESC,SCHEMA_NAME limit 1
2024-04-24T14:09:57.325+0800	INFO	rk-boot-worden/main.go:69	[3.832ms] [rows:-] SELECT count(*) FROM information_schema.statistics WHERE table_schema = 'rk-boot' AND table_name = 'users' AND index_name = 'idx_users_deleted_at'
2024-04-24T14:13:36.927+0800	INFO	mysql@v1.2.19/boot.go:404	Interrupt MySqlEntry	{"eventId": "5d66bb8d-8f1c-4b32-b6ea-623c4c12476e", "entryName": "user-db", "entryType": "MySqlEntry"}
2024-04-24T14:13:52.800+0800	INFO	mysql@v1.2.19/boot.go:378	Bootstrap MySqlEntry	{"eventId": "41d23e50-5948-4d5e-8b37-00c5f5c222df", "entryName": "user-db", "entryType": "MySqlEntry"}
2024-04-24T14:13:52.800+0800	INFO	mysql@v1.2.19/boot.go:522	Connecting to database [rk-boot]
2024-04-24T14:13:52.819+0800	INFO	mysql@v1.2.19/boot.go:540	Connecting to database [rk-boot] success
2024-04-24T14:13:52.821+0800	INFO	mysql@v1.4.3/migrator.go:255	[1.195ms] [rows:-] SELECT DATABASE()
2024-04-24T14:13:52.833+0800	INFO	mysql@v1.4.3/migrator.go:258	[11.908ms] [rows:1] SELECT SCHEMA_NAME from Information_schema.SCHEMATA where SCHEMA_NAME LIKE 'rk-boot%' ORDER BY SCHEMA_NAME='rk-boot' DESC,SCHEMA_NAME limit 1
2024-04-24T14:13:52.843+0800	INFO	rk-boot-worden/main.go:69	[9.471ms] [rows:-] SELECT count(*) FROM information_schema.tables WHERE table_schema = 'rk-boot' AND table_name = 'users' AND table_type = 'BASE TABLE'
2024-04-24T14:13:52.845+0800	INFO	mysql@v1.4.3/migrator.go:255	[1.637ms] [rows:-] SELECT DATABASE()
2024-04-24T14:13:52.855+0800	INFO	mysql@v1.4.3/migrator.go:258	[10.325ms] [rows:1] SELECT SCHEMA_NAME from Information_schema.SCHEMATA where SCHEMA_NAME LIKE 'rk-boot%' ORDER BY SCHEMA_NAME='rk-boot' DESC,SCHEMA_NAME limit 1
2024-04-24T14:13:52.861+0800	INFO	mysql@v1.4.3/migrator.go:168	[5.099ms] [rows:-] SELECT * FROM `users` LIMIT 1
2024-04-24T14:13:52.873+0800	INFO	mysql@v1.4.3/migrator.go:186	[11.776ms] [rows:-] SELECT column_name, column_default, is_nullable = 'YES', data_type, character_maximum_length, column_type, column_key, extra, column_comment, numeric_precision, numeric_scale , datetime_precision FROM...
2024-04-24T14:13:52.874+0800	INFO	mysql@v1.4.3/migrator.go:255	[1.602ms] [rows:-] SELECT DATABASE()
2024-04-24T14:13:52.879+0800	INFO	mysql@v1.4.3/migrator.go:258	[4.123ms] [rows:1] SELECT SCHEMA_NAME from Information_schema.SCHEMATA where SCHEMA_NAME LIKE 'rk-boot%' ORDER BY SCHEMA_NAME='rk-boot' DESC,SCHEMA_NAME limit 1
2024-04-24T14:13:52.887+0800	INFO	rk-boot-worden/main.go:69	[8.644ms] [rows:-] SELECT count(*) FROM information_schema.statistics WHERE table_schema = 'rk-boot' AND table_name = 'users' AND index_name = 'idx_users_deleted_at'
2024-04-24T14:24:46.024+0800	INFO	mysql@v1.2.19/boot.go:404	Interrupt MySqlEntry	{"eventId": "41d23e50-5948-4d5e-8b37-00c5f5c222df", "entryName": "user-db", "entryType": "MySqlEntry"}
2024-04-24T15:45:46.799+0800	INFO	mysql@v1.2.19/boot.go:378	Bootstrap MySqlEntry	{"eventId": "f45e691a-7ec8-45cd-b66f-5a9b09b9b61e", "entryName": "user-db", "entryType": "MySqlEntry"}
2024-04-24T15:45:46.800+0800	INFO	mysql@v1.2.19/boot.go:522	Connecting to database [rk-boot]
2024-04-24T15:45:46.856+0800	INFO	mysql@v1.2.19/boot.go:540	Connecting to database [rk-boot] success
2024-04-24T15:45:46.862+0800	INFO	mysql@v1.4.3/migrator.go:255	[2.478ms] [rows:-] SELECT DATABASE()
2024-04-24T15:45:46.914+0800	INFO	mysql@v1.4.3/migrator.go:258	[52.325ms] [rows:1] SELECT SCHEMA_NAME from Information_schema.SCHEMATA where SCHEMA_NAME LIKE 'rk-boot%' ORDER BY SCHEMA_NAME='rk-boot' DESC,SCHEMA_NAME limit 1
2024-04-24T15:45:46.923+0800	INFO	rk-boot-worden/main.go:69	[8.427ms] [rows:-] SELECT count(*) FROM information_schema.tables WHERE table_schema = 'rk-boot' AND table_name = 'users' AND table_type = 'BASE TABLE'
2024-04-24T15:45:46.924+0800	INFO	mysql@v1.4.3/migrator.go:255	[1.355ms] [rows:-] SELECT DATABASE()
2024-04-24T15:45:46.929+0800	INFO	mysql@v1.4.3/migrator.go:258	[4.184ms] [rows:1] SELECT SCHEMA_NAME from Information_schema.SCHEMATA where SCHEMA_NAME LIKE 'rk-boot%' ORDER BY SCHEMA_NAME='rk-boot' DESC,SCHEMA_NAME limit 1
2024-04-24T15:45:46.939+0800	INFO	mysql@v1.4.3/migrator.go:168	[10.155ms] [rows:-] SELECT * FROM `users` LIMIT 1
2024-04-24T15:45:46.947+0800	INFO	mysql@v1.4.3/migrator.go:186	[8.462ms] [rows:-] SELECT column_name, column_default, is_nullable = 'YES', data_type, character_maximum_length, column_type, column_key, extra, column_comment, numeric_precision, numeric_scale , datetime_precision FROM...
2024-04-24T15:45:46.949+0800	INFO	mysql@v1.4.3/migrator.go:255	[1.441ms] [rows:-] SELECT DATABASE()
2024-04-24T15:45:46.953+0800	INFO	mysql@v1.4.3/migrator.go:258	[4.017ms] [rows:1] SELECT SCHEMA_NAME from Information_schema.SCHEMATA where SCHEMA_NAME LIKE 'rk-boot%' ORDER BY SCHEMA_NAME='rk-boot' DESC,SCHEMA_NAME limit 1
2024-04-24T15:45:46.956+0800	INFO	rk-boot-worden/main.go:69	[2.838ms] [rows:-] SELECT count(*) FROM information_schema.statistics WHERE table_schema = 'rk-boot' AND table_name = 'users' AND index_name = 'idx_users_deleted_at'
2024-04-24T15:45:49.965+0800	INFO	mysql@v1.2.19/boot.go:404	Interrupt MySqlEntry	{"eventId": "f45e691a-7ec8-45cd-b66f-5a9b09b9b61e", "entryName": "user-db", "entryType": "MySqlEntry"}
